"../../../Engine/Content/Functions/Engine_MaterialFunctions01/Opacity/CameraDepthFade.uasset" 0
"../../../Engine/Content/EngineMaterials/T_Default_Material_Grid_M.uasset" 1
"../../../Engine/Content/EngineMaterials/T_Default_Material_Grid_N.uasset" 2
"../../../Engine/Content/EngineMaterials/DefaultMaterial.uasset" 3
"../../../Engine/Content/BasicShapes/Cone.uasset" 4
"../../../Engine/Content/EngineMaterials/WorldGridMaterial.uasset" 5
"../../../Engine/Content/BasicShapes/Cube.uasset" 6
"../../../Engine/Content/BasicShapes/Cylinder.uasset" 7
"../../../Engine/Content/BasicShapes/Plane.uasset" 8
"../../../Engine/Content/EditorLandscapeResources/DataLayer.uasset" 9
"../../../Engine/Content/EditorMaterials/GizmoMaterial.uasset" 10
"../../../Engine/Content/EditorMaterials/MAT_Groups_Toggle.uasset" 11
"../../../Engine/Content/EditorMaterials/MAT_Groups_Visibility.uasset" 12
"../../../Engine/Content/EditorMaterials/PreviewShadowIndicator.uasset" 13
"../../../Engine/Content/EditorMaterials/PreviewShadowIndicatorMaterial.uasset" 14
"../../../Engine/Content/EditorMaterials/AssetViewer/EpicQuadPanorama_CC+EV1.uasset" 15
"../../../Engine/Content/EditorMaterials/MatineeGroups/MAT_ColorTrack.uasset" 16
"../../../Engine/Content/EditorMaterials/MatineeGroups/MAT_Groups_Anim.uasset" 17
"../../../Engine/Content/EditorMaterials/MatineeGroups/MAT_Groups_AudioMaster.uasset" 18
"../../../Engine/Content/EditorMaterials/MatineeGroups/MAT_Groups_Director.uasset" 19
"../../../Engine/Content/EditorMaterials/MatineeGroups/MAT_Groups_Event.uasset" 20
"../../../Engine/Content/EditorMaterials/MatineeGroups/MAT_Groups_Fade.uasset" 21
"../../../Engine/Content/EditorMaterials/MatineeGroups/MAT_Groups_Float.uasset" 22
"../../../Engine/Content/EditorMaterials/MatineeGroups/MAT_Groups_Move.uasset" 23
"../../../Engine/Content/EditorMaterials/MatineeGroups/MAT_Groups_Slomo.uasset" 24
"../../../Engine/Content/EditorMaterials/MatineeGroups/MAT_Groups_Sound.uasset" 25
"../../../Engine/Content/EditorMaterials/MatineeGroups/MAT_Groups_Vector.uasset" 26
"../../../Engine/Content/EditorMaterials/ParticleSystems/PSysThumbnail_NoImage.uasset" 27
"../../../Engine/Content/EditorMaterials/ParticleSystems/PSysThumbnail_OOD.uasset" 28
"../../../Engine/Content/EditorMaterials/Camera/CineMat.uasset" 29
"../../../Engine/Content/EditorMaterials/Camera/MI_CineMat_Rig.uasset" 30
"../../../Engine/Content/EditorMeshes/Camera/SM_CraneRig_Arm.uasset" 31
"../../../Engine/Content/EditorMeshes/Camera/SM_CraneRig_Base.uasset" 32
"../../../Engine/Content/EditorMeshes/Camera/SM_CraneRig_Body.uasset" 33
"../../../Engine/Content/EditorMeshes/Camera/SM_CraneRig_Mount.uasset" 34
"../../../Engine/Content/EditorMeshes/Camera/SM_RailRig_Mount.uasset" 35
"../../../Engine/Content/EditorMeshes/Camera/SM_RailRig_Track.uasset" 36
"../../../Engine/Content/EditorResources/BSPVertex.uasset" 37
"../../../Engine/Content/EditorResources/EmptyActor.uasset" 38
"../../../Engine/Content/EditorResources/RGBTable16x1_AssetViewer.uasset" 39
"../../../Engine/Content/EditorResources/S_Actor.uasset" 40
"../../../Engine/Content/EditorResources/S_Trigger.uasset" 41
"../../../Engine/Content/EditorResources/AudioIcons/S_AudioComponent.uasset" 42
"../../../Engine/Content/EditorResources/AudioIcons/S_AudioComponent_AutoActivate.uasset" 43
"../../../Engine/Content/EditorResources/LightIcons/S_LightError.uasset" 44
"../../../Engine/Content/EditorResources/SequenceRecorder/Countdown.uasset" 45
"../../../Engine/Content/EditorResources/SequenceRecorder/RecordingIndicator.uasset" 46
"../../../Engine/Content/EditorSounds/Notifications/CompileFailed.uasset" 47
"../../../Engine/Content/EditorSounds/Notifications/CompileFailed_Cue.uasset" 48
"../../../Engine/Content/EditorSounds/Notifications/CompileSuccess.uasset" 49
"../../../Engine/Content/EditorSounds/Notifications/CompileStart_Cue.uasset" 50
"../../../Engine/Content/EditorSounds/Notifications/CompileSuccess_Cue.uasset" 51
"../../../Engine/Content/EngineDamageTypes/DmgTypeBP_Environmental.uasset" 52
"../../../Engine/Content/EngineDebugMaterials/HeatmapGradient.uasset" 53
"../../../Engine/Content/EngineDebugMaterials/BoneWeightMaterial.uasset" 54
"../../../Engine/Content/EngineDebugMaterials/DebugMeshMaterial.uasset" 55
"../../../Engine/Content/EngineDebugMaterials/GeomMaterial.uasset" 56
"../../../Engine/Content/EngineFonts/Faces/RobotoBold.uasset" 57
"../../../Engine/Content/EngineFonts/Faces/RobotoBoldItalic.uasset" 58
"../../../Engine/Content/EngineFonts/Faces/RobotoItalic.uasset" 59
"../../../Engine/Content/EngineFonts/Faces/RobotoLight.uasset" 60
"../../../Engine/Content/EngineFonts/Faces/RobotoRegular.uasset" 61
"../../../Engine/Content/EngineFonts/Roboto.uasset" 62
"../../../Engine/Content/EngineFonts/Faces/RobotoTiny.uasset" 63
"../../../Engine/Content/EngineFonts/RobotoTiny.uasset" 64
"../../../Engine/Content/EngineMaterials/DefaultBokeh.uasset" 65
"../../../Engine/Content/EngineMaterials/DefaultDiffuse.uasset" 66
"../../../Engine/Content/EngineMaterials/DefaultDeferredDecalMaterial.uasset" 67
"../../../Engine/Content/EngineMaterials/DefaultLightFunctionMaterial.uasset" 68
"../../../Engine/Content/EngineMaterials/DefaultPhysicalMaterial.uasset" 69
"../../../Engine/Content/Functions/Engine_MaterialFunctions02/Utility/BreakOutFloat2Components.uasset" 70
"../../../Engine/Content/EngineMaterials/DefaultPostProcessMaterial.uasset" 71
"../../../Engine/Content/EngineFonts/RobotoDistanceField.uasset" 72
"../../../Engine/Content/EngineMaterials/DefaultTextMaterialOpaque.uasset" 73
"../../../Engine/Content/EngineMaterials/DefaultWhiteGrid.uasset" 74
"../../../Engine/Content/EngineMaterials/EditorBrushMaterial.uasset" 75
"../../../Engine/Content/EngineMaterials/Good64x64TilingNoiseHighFreq.uasset" 76
"../../../Engine/Content/EngineMaterials/MiniFont.uasset" 77
"../../../Engine/Content/EngineMaterials/InvalidLightmapSettings.uasset" 78
"../../../Engine/Content/EngineMaterials/M_InvalidLightmapSettings.uasset" 79
"../../../Engine/Content/EngineMaterials/PhAT_JointLimitMaterial.uasset" 80
"../../../Engine/Content/EngineMaterials/PreintegratedSkinBRDF.uasset" 81
"../../../Engine/Content/EngineMaterials/RemoveSurfaceMaterial.uasset" 82
"../../../Engine/Content/EngineMaterials/WeightMapPlaceholderTexture.uasset" 83
"../../../Engine/Content/EngineResources/WhiteSquareTexture.uasset" 84
"../../../Engine/Content/EngineMaterials/Widget3DPassThrough.uasset" 85
"../../../Engine/Content/EngineMaterials/Widget3DPassThrough_Masked.uasset" 86
"../../../Engine/Content/EngineMaterials/Widget3DPassThrough_Opaque.uasset" 87
"../../../Engine/Content/EngineMaterials/Widget3DPassThrough_Masked_OneSided.uasset" 88
"../../../Engine/Content/EngineMaterials/Widget3DPassThrough_Opaque_OneSided.uasset" 89
"../../../Engine/Content/EngineMaterials/Widget3DPassThrough_Translucent.uasset" 90
"../../../Engine/Content/EngineMaterials/Widget3DPassThrough_Translucent_OneSided.uasset" 91
"../../../Engine/Content/EngineMeshes/Cube.uasset" 92
"../../../Engine/Content/EngineMeshes/Cylinder.uasset" 93
"../../../Engine/Content/EngineMeshes/Sphere.uasset" 94
"../../../Engine/Content/EngineResources/Black.uasset" 95
"../../../Engine/Content/EngineResources/DefaultTexture.uasset" 96
"../../../Engine/Content/EngineResources/DefaultTextureCube.uasset" 97
"../../../Engine/Content/EngineResources/GradientTexture0.uasset" 98
"../../../Engine/Content/EngineSounds/Master.uasset" 99
"../../../Engine/Content/Functions/Engine_MaterialFunctions01/Shading/ConvertFromDiffSpec.uasset" 100
"../../../Engine/Content/Functions/Engine_MaterialFunctions01/Shading/PowerToRoughness.uasset" 101
"../../../Engine/Content/Maps/Templates/Thumbnails/Default.uasset" 102
"../../../Engine/Content/Maps/Templates/Thumbnails/VR-Basic.uasset" 103
"../../../Engine/Content/MobileResources/T_MobileControls_texture.uasset" 104
"../../../Engine/Content/MobileResources/T_MobileMenu2.uasset" 105
"../../../Engine/Content/MobileResources/HUD/AnalogHat.uasset" 106
"../../../Engine/Content/MobileResources/HUD/VirtualJoystick_Background.uasset" 107
"../../../Engine/Content/MobileResources/HUD/VirtualJoystick_Thumb.uasset" 108
"../../../Engine/Content/MobileResources/HUD/DefaultVirtualJoysticks.uasset" 109
"../../../Engine/Content/MobileResources/HUD/LeftVirtualJoystickOnly.uasset" 110
"../../../Engine/Content/MobileResources/HUD/MobileHUDButton1_off.uasset" 111
"../../../Engine/Content/MobileResources/HUD/MobileHUDButton1_on.uasset" 112
"../../../Engine/Content/MobileResources/HUD/MobileHUDButton2_off.uasset" 113
"../../../Engine/Content/MobileResources/HUD/MobileHUDButton2_on.uasset" 114
"../../../Engine/Content/MobileResources/HUD/MobileHUDButton3.uasset" 115
"../../../Engine/Content/MobileResources/HUD/MobileHUDButtonFire.uasset" 116
"../../../Engine/Content/MobileResources/HUD/MobileHUDDirectionPad.uasset" 117
"../../../Engine/Content/MobileResources/HUD/MobileHUDDirectionPad2.uasset" 118
"../../../Engine/Content/MobileResources/HUD/MobileHUDDirectionPad3.uasset" 119
"../../../Engine/Content/MobileResources/HUD/MobileHUDDirectionStick.uasset" 120
"../../../Engine/Content/MobileResources/HUD/T_Castle_ThumbstickInner.uasset" 121
"../../../Engine/Content/MobileResources/HUD/T_Castle_ThumbstickOutter.uasset" 122
"../../../Engine/Content/Tutorial/ContentIntroCurve.uasset" 123
"../../../Engine/Content/Tutorial/Basics/TutorialAssets/icon_tab_Levels_40x.uasset" 124
"../../../Engine/Content/Tutorial/BlueprintTutorials/TutorialAssets/BlueprintInterface_64x.uasset" 125
"../../../Engine/Content/Tutorial/BlueprintTutorials/TutorialAssets/BlueprintMacroLibrary_64x.uasset" 126
"../../../Engine/Content/Tutorial/BlueprintTutorials/TutorialAssets/Blueprint_64x.uasset" 127
"../../../Engine/Content/Tutorial/BlueprintTutorials/TutorialAssets/Tutorial_BP_Interface.uasset" 128
"../../../Engine/Content/Tutorial/Foliage/TutorialAssets/Foliage.uasset" 129
"../../../Engine/Content/Tutorial/Landscape/TutorialAssets/Landscape.uasset" 130
"../../../Engine/Content/Tutorial/Paper2D/TutorialAssets/Paper2DFlipbook_TutorialIcon.uasset" 131
"../../../Engine/Content/Tutorial/Paper2D/TutorialAssets/Paper2DSprite_TutorialIcon.uasset" 132
"../../../Engine/Content/Tutorial/SubEditors/TutorialAssets/icon_Editor_Preferences_General_40x.uasset" 133
"../../../Engine/Content/Tutorial/SubEditors/TutorialAssets/icon_ShowSkeletalMeshes_40x.uasset" 134
"../../../Engine/Content/Tutorial/SubEditors/TutorialAssets/TutorialMaterial.uasset" 135
"../../../Engine/Content/Tutorial/SubEditors/TutorialAssets/T_SmokeSubUV_8X8.uasset" 136
"../../../Engine/Content/Tutorial/SubEditors/TutorialAssets/T_soft_smoke.uasset" 137
"../../../Engine/Content/Tutorial/SubEditors/TutorialAssets/M_smoke_subUV_blackbody.uasset" 138
"../../../Engine/Content/Tutorial/SubEditors/TutorialAssets/TutorialParticleSystem.uasset" 139
"../../../Engine/Content/EditorMeshes/EditorCube.uasset" 140
"../../../Engine/Content/Tutorial/SubEditors/TutorialAssets/Tutorial_DM.uasset" 141
"../../../Engine/Content/VREditor/Devices/Generic/GenericHMDMaterial.uasset" 142
"../../../Engine/Content/VREditor/Devices/Generic/GenericHMD.uasset" 143
"../../../Engine/Content/VREditor/FloatingText/LineMaterial.uasset" 144
"../../../Engine/Content/VREditor/FloatingText/JointSphere.uasset" 145
"../../../Engine/Content/VREditor/FloatingText/LineSegmentCylinder.uasset" 146
"../../../Engine/Content/VREditor/Fonts/VRText_RobotoLarge.uasset" 147
"../../../Engine/Content/VREditor/Fonts/VRTextMaterial.uasset" 148
"../../../Engine/Content/VREditor/Fonts/TranslucentVRTextMaterial.uasset" 149
"../../../Engine/Content/VREditor/LaserPointer/VR_LaserPower_01.uasset" 150
"../../../Engine/Content/VREditor/LaserPointer/LaserPointerMaterial.uasset" 151
"../../../Engine/Content/VREditor/LaserPointer/LaserPointerMaterialInst.uasset" 152
"../../../Engine/Content/VREditor/LaserPointer/TranslucentLaserPointerMaterialInst.uasset" 153
"../../../Engine/Content/VREditor/LaserPointer/LaserPointerMesh.uasset" 154
"../../../Engine/Content/VREditor/Sounds/VR_grab_Cue.uasset" 155
"../../../Engine/Content/VREditor/Sounds/VR_teleport_Cue.uasset" 156
"../../../Engine/Content/VREditor/TransformGizmo/TransformGizmoMaterial.uasset" 157
"../../../Engine/Content/VREditor/TransformGizmo/TranslucentTransformGizmoMaterial.uasset" 158
"../../../Engine/Content/VREditor/TransformGizmo/BoundingBoxCorner.uasset" 159
"../../../Engine/Content/VREditor/TransformGizmo/BoundingBoxEdge.uasset" 160
"../../../Engine/Content/VREditor/TransformGizmo/PlaneTranslationHandle.uasset" 161
"../../../Engine/Content/VREditor/TransformGizmo/RotationHandle.uasset" 162
"../../../Engine/Content/VREditor/TransformGizmo/RotationHandleFull.uasset" 163
"../../../Engine/Content/VREditor/TransformGizmo/StretchingHandle.uasset" 164
"../../../Engine/Content/VREditor/TransformGizmo/TranslateHandleLong.uasset" 165
"../../../Engine/Content/VREditor/TransformGizmo/TranslationHandle.uasset" 166
"../../../Engine/Content/VREditor/TransformGizmo/UniformScaleHandle.uasset" 167
"../../../Engine/Content/VREditor/UI/CloseButtonMesh.uasset" 168
"../../../Engine/Content/VREditor/UI/SelectionBarMesh.uasset" 169
"../../../Engine/Content/Functions/Engine_MaterialFunctions01/Gradient/RadialGradient.uasset" 170
"../../../Engine/Content/VREditor/WorldMovementGrid/SimpleGrid.uasset" 171
"../../../Engine/Content/VREditor/WorldMovementGrid/GridMaterial.uasset" 172
"../../../Engine/Content/Functions/Engine_MaterialFunctions01/Density/ExponentialDensity.uasset" 173
"../../../Engine/Content/VREditor/WorldMovementGrid/GridPostProcess.uasset" 174
"../../../Engine/Content/EditorLandscapeResources/FlattenHeightMat.uasset" 175
"../../../Engine/Content/VREditor/WorldMovementGrid/PlaneMesh.uasset" 176
"../../../InformatikProjekt/Content/Mannequin/Character/Mesh/UE4_Mannequin_Skeleton.uasset" 177
"../../../InformatikProjekt/Content/Mannequin/Animations/ThirdPersonJump_End.uasset" 178
"../../../InformatikProjekt/Content/StarterContent/Materials/M_Basic_Wall.uasset" 179
"../../../InformatikProjekt/Content/StarterContent/Architecture/Pillar_50x500.uasset" 180
"../../../InformatikProjekt/Content/StarterContent/Architecture/Wall_400x300.uasset" 181
"../../../InformatikProjekt/Content/StarterContent/Architecture/Wall_400x400.uasset" 182
"../../../InformatikProjekt/Content/StarterContent/Architecture/Wall_500x500.uasset" 183
"../../../InformatikProjekt/Content/StarterContent/Architecture/Wall_Door_400x400.uasset" 184
"../../../InformatikProjekt/Content/StarterContent/Architecture/Wall_Window_400x400.uasset" 185
"../../../InformatikProjekt/Content/StarterContent/Audio/Light01_Cue.uasset" 186
"../../../InformatikProjekt/Content/StarterContent/Audio/Light02_Cue.uasset" 187
"../../../InformatikProjekt/Content/StarterContent/Audio/Explosion_Cue.uasset" 188
"../../../InformatikProjekt/Content/StarterContent/Textures/T_Burst_M.uasset" 189
"../../../InformatikProjekt/Content/StarterContent/Particles/Materials/M_Burst.uasset" 190
"../../../InformatikProjekt/Content/StarterContent/Textures/T_Explosion_SubUV.uasset" 191
"../../../InformatikProjekt/Content/StarterContent/Particles/Materials/M_explosion_subUV.uasset" 192
"../../../InformatikProjekt/Content/StarterContent/Particles/Materials/m_flare_01.uasset" 193
"../../../InformatikProjekt/Content/StarterContent/Particles/Materials/M_radial_ramp.uasset" 194
"../../../InformatikProjekt/Content/StarterContent/Textures/T_Smoke_SubUV.uasset" 195
"../../../InformatikProjekt/Content/StarterContent/Textures/T_Smoke_Tiled_D.uasset" 196
"../../../InformatikProjekt/Content/StarterContent/Particles/Materials/M_smoke_subUV.uasset" 197
"../../../InformatikProjekt/Content/StarterContent/Particles/P_Explosion.uasset" 198
"../../../InformatikProjekt/Content/StarterContent/Blueprints/Blueprint_Effect_Explosion.uasset" 199
"../../../Engine/Content/EditorMeshes/ColorCalibrator/T_ColorGrid.uasset" 200
"../../../InformatikProjekt/Content/StarterContent/Materials/M_ColorGrid_LowSpec.uasset" 201
"../../../InformatikProjekt/Content/StarterContent/Textures/T_Bush_D.uasset" 202
"../../../InformatikProjekt/Content/StarterContent/Textures/T_Bush_N.uasset" 203
"../../../InformatikProjekt/Content/StarterContent/Props/Materials/M_Bush.uasset" 204
"../../../InformatikProjekt/Content/StarterContent/Props/SM_Bush.uasset" 205
"../../../InformatikProjekt/Content/StarterContent/Textures/T_Chair_M.uasset" 206
"../../../InformatikProjekt/Content/StarterContent/Textures/T_Chair_N.uasset" 207
"../../../InformatikProjekt/Content/StarterContent/Props/Materials/M_Chair.uasset" 208
"../../../InformatikProjekt/Content/StarterContent/Props/SM_Couch.uasset" 209
"../../../InformatikProjekt/Content/StarterContent/Materials/M_Glass.uasset" 210
"../../../InformatikProjekt/Content/StarterContent/Textures/T_Door_M.uasset" 211
"../../../InformatikProjekt/Content/StarterContent/Textures/T_Door_N.uasset" 212
"../../../InformatikProjekt/Content/StarterContent/Props/Materials/M_Door.uasset" 213
"../../../InformatikProjekt/Content/StarterContent/Props/SM_Door.uasset" 214
"../../../InformatikProjekt/Content/StarterContent/Props/Materials/M_MaterialSphere.uasset" 215
"../../../InformatikProjekt/Content/StarterContent/Props/Materials/M_MaterialSphere_Plain.uasset" 216
"../../../InformatikProjekt/Content/StarterContent/Props/SM_MatPreviewMesh_02.uasset" 217
"../../../Engine/Content/Functions/Engine_MaterialFunctions02/Utility/BlendAngleCorrectedNormals.uasset" 218
"../../../InformatikProjekt/Content/StarterContent/Textures/T_Detail_Rocky_N.uasset" 219
"../../../InformatikProjekt/Content/StarterContent/Textures/T_Rock_Basalt_D.uasset" 220
"../../../InformatikProjekt/Content/StarterContent/Textures/T_RockMesh_M.uasset" 221
"../../../InformatikProjekt/Content/StarterContent/Textures/T_RockMesh_N.uasset" 222
"../../../InformatikProjekt/Content/StarterContent/Props/Materials/M_Rock.uasset" 223
"../../../InformatikProjekt/Content/StarterContent/Props/SM_Rock.uasset" 224
"../../../InformatikProjekt/Content/StarterContent/Textures/T_Shelf_M.uasset" 225
"../../../InformatikProjekt/Content/StarterContent/Textures/T_Shelf_N.uasset" 226
"../../../InformatikProjekt/Content/StarterContent/Props/Materials/M_Shelf.uasset" 227
"../../../InformatikProjekt/Content/StarterContent/Props/SM_Shelf.uasset" 228
"../../../InformatikProjekt/Content/StarterContent/Materials/M_Basic_Floor.uasset" 229
"../../../InformatikProjekt/Content/StarterContent/Props/SM_Stairs.uasset" 230
"../../../InformatikProjekt/Content/StarterContent/Shapes/Shape_Cone.uasset" 231
"../../../InformatikProjekt/Content/StarterContent/Shapes/Shape_Cylinder.uasset" 232
"../../../InformatikProjekt/Content/StarterContent/Shapes/Shape_NarrowCapsule.uasset" 233
"../../../InformatikProjekt/Content/StarterContent/Shapes/Shape_Pipe.uasset" 234
"../../../InformatikProjekt/Content/StarterContent/Shapes/Shape_Pipe_180.uasset" 235
"../../../InformatikProjekt/Content/StarterContent/Shapes/Shape_Pipe_90.uasset" 236
"../../../InformatikProjekt/Content/StarterContent/Shapes/Shape_Plane.uasset" 237
"../../../InformatikProjekt/Content/StarterContent/Shapes/Shape_Torus.uasset" 238
"../../../InformatikProjekt/Content/StarterContent/Shapes/Shape_Trim.uasset" 239
"../../../InformatikProjekt/Content/StarterContent/Shapes/Shape_Trim_90_In.uasset" 240
"../../../InformatikProjekt/Content/StarterContent/Shapes/Shape_Trim_90_Out.uasset" 241
"../../../InformatikProjekt/Content/StarterContent/Shapes/Shape_TriPyramid.uasset" 242
"../../../InformatikProjekt/Content/StarterContent/Shapes/Shape_Tube.uasset" 243
"../../../InformatikProjekt/Content/StarterContent/Shapes/Shape_Wedge_A.uasset" 244
"../../../InformatikProjekt/Content/StarterContent/Shapes/Shape_Wedge_B.uasset" 245
"../../../InformatikProjekt/Content/StarterContent/Shapes/Shape_WideCapsule.uasset" 246
"../../../InformatikProjekt/Content/ThirdPerson/Materials_Textures/Gray_1.uasset" 247
"../../../InformatikProjekt/Content/ThirdPerson/Materials_Textures/Gray_3.uasset" 248
"../../../InformatikProjekt/Content/ThirdPerson/Materials_Textures/Gray_4.uasset" 249
"../../../InformatikProjekt/Content/ThirdPerson/Materials_Textures/Gray_5.uasset" 250
"../../../InformatikProjekt/Content/ThirdPerson/Materials_Textures/Gray_6.uasset" 251
"../../../InformatikProjekt/Content/ThirdPerson/Materials_Textures/Gray_2.uasset" 252
"../../../InformatikProjekt/Content/ThirdPerson/Materials_Textures/Map_Mat.uasset" 253
"../../../InformatikProjekt/Content/ThirdPerson/Materials_Textures/wasserpistole_mat.uasset" 254
"../../../InformatikProjekt/Content/ThirdPerson/Meshs/Watergun/wasserpistole_geometry.uasset" 255
"../../../Engine/Plugins/2D/Paper2D/Content/DummySprite.uasset" 256
"../../../Engine/Plugins/2D/Paper2D/Content/DefaultPaperTerrainMaterial.uasset" 257
"../../../Engine/Plugins/2D/Paper2D/Content/DefaultSpriteMaterial.uasset" 258
"../../../Engine/Plugins/2D/Paper2D/Content/MaskedUnlitSpriteMaterial.uasset" 259
"../../../Engine/Plugins/2D/Paper2D/Content/OpaqueUnlitSpriteMaterial.uasset" 260
"../../../Engine/Plugins/2D/Paper2D/Content/PlaceholderTextures/DummySpriteTexture.uasset" 261
"../../../InformatikProjekt/Content/StarterContent/Blueprints/Assets/FogBrightnessLUT.uasset" 262
"../../../InformatikProjekt/Content/StarterContent/Blueprints/Assets/SunlightColorLUT.uasset" 263
"../../../InformatikProjekt/Content/StarterContent/Blueprints/Assets/M_LightStage_Arrows.uasset" 264
"../../../Engine/Content/MapTemplates/Sky/DaylightAmbientCubemap.uasset" 265
"../../../InformatikProjekt/Content/StarterContent/Blueprints/Assets/M_LightStage_Skybox_Master.uasset" 266
"../../../InformatikProjekt/Content/StarterContent/Blueprints/Assets/M_LightStage_Skybox_Black.uasset" 267
"../../../InformatikProjekt/Content/StarterContent/Blueprints/Assets/M_LightStage_Skybox_HDRI.uasset" 268
"../../../Engine/Content/EditorMaterials/Thumbnails/SkySphereMaterial.uasset" 269
"../../../InformatikProjekt/Content/StarterContent/Blueprints/Assets/Skybox.uasset" 270
"../../../InformatikProjekt/Content/StarterContent/Blueprints/Assets/SM_Arrows.uasset" 271
"../../../InformatikProjekt/Content/StarterContent/HDRI/HDRI_Epic_Courtyard_Daylight.uasset" 272
"../../../InformatikProjekt/Content/StarterContent/Blueprints/BP_LightStudio.uasset" 273
"../../../InformatikProjekt/Content/StarterContent/Maps/Advanced_Lighting_BuiltData.uasset" 274
"../../../InformatikProjekt/Content/StarterContent/Materials/M_AssetPlatform.uasset" 275
"../../../Engine/Content/EditorMeshes/ColorCalibrator/M_ChromeBall.uasset" 276
"../../../Engine/Content/EditorMeshes/ColorCalibrator/M_ClearCoat.uasset" 277
"../../../Engine/Content/EditorMeshes/ColorCalibrator/M_ClearCoatBlack.uasset" 278
"../../../Engine/Content/EditorMeshes/ColorCalibrator/M_ColorGrid.uasset" 279
"../../../Engine/Content/EditorMeshes/ColorCalibrator/M_GreyBall.uasset" 280
"../../../Engine/Content/EditorMeshes/ColorCalibrator/SM_ColorCalibrator.uasset" 281
"../../../InformatikProjekt/Content/StarterContent/Architecture/SM_AssetPlatform.uasset" 282
"../../../InformatikProjekt/Content/StarterContent/Maps/Advanced_Lighting.umap" 283
"../../../Engine/Content/EditorBlueprintResources/StandardMacros.uasset" 284
"../../../Engine/Content/EngineSky/C_Sky_Cloud_Color.uasset" 285
"../../../Engine/Content/EngineSky/C_Sky_Horizon_Color.uasset" 286
"../../../Engine/Content/EngineSky/C_Sky_Zenith_Color.uasset" 287
"../../../Engine/Content/EngineSky/T_Sky_Blue.uasset" 288
"../../../Engine/Content/EngineSky/T_Sky_Clouds_M.uasset" 289
"../../../Engine/Content/EngineSky/T_Sky_Stars.uasset" 290
"../../../Engine/Content/EngineSky/M_Sky_Panning_Clouds2.uasset" 291
"../../../Engine/Content/EngineSky/SM_SkySphere.uasset" 292
"../../../Engine/Content/EngineSky/BP_Sky_Sphere.uasset" 293
"../../../InformatikProjekt/Content/StarterContent/Maps/Minimal_Default_BuiltData.uasset" 294
"../../../InformatikProjekt/Content/StarterContent/Textures/T_MacroVariation.uasset" 295
"../../../InformatikProjekt/Content/StarterContent/Materials/M_Metal_Brushed_Nickel.uasset" 296
"../../../InformatikProjekt/Content/StarterContent/Textures/T_Metal_Aluminum_D.uasset" 297
"../../../InformatikProjekt/Content/StarterContent/Textures/T_Metal_Gold_N.uasset" 298
"../../../InformatikProjekt/Content/StarterContent/Materials/M_Metal_Burnished_Steel.uasset" 299
"../../../InformatikProjekt/Content/StarterContent/Textures/T_Metal_Copper_D.uasset" 300
"../../../InformatikProjekt/Content/StarterContent/Materials/M_Metal_Copper.uasset" 301
"../../../InformatikProjekt/Content/StarterContent/Textures/T_Statue_M.uasset" 302
"../../../InformatikProjekt/Content/StarterContent/Textures/T_Statue_N.uasset" 303
"../../../InformatikProjekt/Content/StarterContent/Props/Materials/M_StatueGlass.uasset" 304
"../../../InformatikProjekt/Content/StarterContent/Architecture/Floor_400x400.uasset" 305
"../../../InformatikProjekt/Content/StarterContent/Audio/Starter_Background_Cue.uasset" 306
"../../../InformatikProjekt/Content/StarterContent/Props/SM_Chair.uasset" 307
"../../../InformatikProjekt/Content/StarterContent/Props/Materials/M_Statue.uasset" 308
"../../../InformatikProjekt/Content/StarterContent/Props/SM_Statue.uasset" 309
"../../../InformatikProjekt/Content/StarterContent/Textures/T_TableRound_M.uasset" 310
"../../../InformatikProjekt/Content/StarterContent/Textures/T_TableRound_N.uasset" 311
"../../../InformatikProjekt/Content/StarterContent/Props/Materials/M_TableRound.uasset" 312
"../../../InformatikProjekt/Content/StarterContent/Props/SM_TableRound.uasset" 313
"../../../InformatikProjekt/Content/StarterContent/Maps/Minimal_Default.umap" 314
"../../../InformatikProjekt/Content/StarterContent/Audio/Fire01_Cue.uasset" 315
"../../../InformatikProjekt/Content/StarterContent/Textures/T_Fire_SubUV.uasset" 316
"../../../InformatikProjekt/Content/StarterContent/Textures/T_Fire_Tiled_D.uasset" 317
"../../../InformatikProjekt/Content/StarterContent/Particles/Materials/M_Fire_SubUV.uasset" 318
"../../../InformatikProjekt/Content/StarterContent/Textures/T_Water_N.uasset" 319
"../../../InformatikProjekt/Content/StarterContent/Particles/Materials/M_Heat_Distortion.uasset" 320
"../../../InformatikProjekt/Content/StarterContent/Particles/Materials/M_Radial_Gradient.uasset" 321
"../../../InformatikProjekt/Content/StarterContent/Particles/P_Fire.uasset" 322
"../../../InformatikProjekt/Content/StarterContent/Blueprints/Blueprint_Effect_Fire.uasset" 323
"../../../InformatikProjekt/Content/StarterContent/Audio/Smoke01_Cue.uasset" 324
"../../../InformatikProjekt/Content/StarterContent/Particles/P_Smoke.uasset" 325
"../../../InformatikProjekt/Content/StarterContent/Blueprints/Blueprint_Effect_Smoke.uasset" 326
"../../../InformatikProjekt/Content/StarterContent/Audio/Fire_Sparks01_Cue.uasset" 327
"../../../InformatikProjekt/Content/StarterContent/Textures/T_Spark_Core.uasset" 328
"../../../InformatikProjekt/Content/StarterContent/Particles/Materials/M_Spark.uasset" 329
"../../../InformatikProjekt/Content/StarterContent/Particles/P_Sparks.uasset" 330
"../../../InformatikProjekt/Content/StarterContent/Blueprints/Blueprint_Effect_Sparks.uasset" 331
"../../../InformatikProjekt/Content/StarterContent/Audio/Steam01_Cue.uasset" 332
"../../../InformatikProjekt/Content/StarterContent/Particles/P_Steam_Lit.uasset" 333
"../../../InformatikProjekt/Content/StarterContent/Blueprints/Blueprint_Effect_Steam.uasset" 334
"../../../InformatikProjekt/Content/StarterContent/Textures/T_Lamp_M.uasset" 335
"../../../InformatikProjekt/Content/StarterContent/Textures/T_Lamp_N.uasset" 336
"../../../InformatikProjekt/Content/StarterContent/Props/Materials/M_Lamp.uasset" 337
"../../../InformatikProjekt/Content/StarterContent/Props/SM_Lamp_Ceiling.uasset" 338
"../../../InformatikProjekt/Content/StarterContent/Blueprints/Blueprint_CeilingLight.uasset" 339
"../../../InformatikProjekt/Content/StarterContent/Props/SM_Lamp_Wall.uasset" 340
"../../../InformatikProjekt/Content/StarterContent/Blueprints/Blueprint_WallSconce.uasset" 341
"../../../InformatikProjekt/Content/StarterContent/Maps/StarterMap_BuiltData.uasset" 342
"../../../Engine/Content/Functions/Engine_MaterialFunctions03/Procedurals/ComputeFilterWidth.uasset" 343
"../../../Engine/Content/EngineMaterials/AntiAliasedTextMaterialTranslucent.uasset" 344
"../../../InformatikProjekt/Content/StarterContent/Textures/T_Brick_Clay_Beveled_D.uasset" 345
"../../../InformatikProjekt/Content/StarterContent/Textures/T_Brick_Clay_Beveled_M.uasset" 346
"../../../InformatikProjekt/Content/StarterContent/Textures/T_Brick_Clay_Beveled_N.uasset" 347
"../../../InformatikProjekt/Content/StarterContent/Materials/M_Brick_Clay_Beveled.uasset" 348
"../../../InformatikProjekt/Content/StarterContent/Textures/T_Brick_Clay_New_D.uasset" 349
"../../../InformatikProjekt/Content/StarterContent/Textures/T_Brick_Clay_New_M.uasset" 350
"../../../InformatikProjekt/Content/StarterContent/Textures/T_Brick_Clay_New_N.uasset" 351
"../../../InformatikProjekt/Content/StarterContent/Materials/M_Brick_Clay_New.uasset" 352
"../../../InformatikProjekt/Content/StarterContent/Textures/T_Brick_Clay_Old_D.uasset" 353
"../../../InformatikProjekt/Content/StarterContent/Textures/T_Brick_Clay_Old_N.uasset" 354
"../../../InformatikProjekt/Content/StarterContent/Textures/T_Perlin_Noise_M.uasset" 355
"../../../InformatikProjekt/Content/StarterContent/Materials/M_Brick_Clay_Old.uasset" 356
"../../../InformatikProjekt/Content/StarterContent/Textures/T_Brick_Cut_Stone_D.uasset" 357
"../../../InformatikProjekt/Content/StarterContent/Textures/T_Brick_Cut_Stone_N.uasset" 358
"../../../InformatikProjekt/Content/StarterContent/Materials/M_Brick_Cut_Stone.uasset" 359
"../../../InformatikProjekt/Content/StarterContent/Textures/T_Brick_Hewn_Stone_D.uasset" 360
"../../../InformatikProjekt/Content/StarterContent/Textures/T_Brick_Hewn_Stone_M.uasset" 361
"../../../InformatikProjekt/Content/StarterContent/Textures/T_Brick_Hewn_Stone_N.uasset" 362
"../../../InformatikProjekt/Content/StarterContent/Materials/M_Brick_Hewn_Stone.uasset" 363
"../../../InformatikProjekt/Content/StarterContent/Textures/T_Ceramic_Tile_M.uasset" 364
"../../../InformatikProjekt/Content/StarterContent/Textures/T_Ceramic_Tile_N.uasset" 365
"../../../InformatikProjekt/Content/StarterContent/Textures/T_Rock_Marble_Polished_D.uasset" 366
"../../../InformatikProjekt/Content/StarterContent/Materials/M_Ceramic_Tile_Checker.uasset" 367
"../../../InformatikProjekt/Content/StarterContent/Textures/T_CobbleStone_Pebble_D.uasset" 368
"../../../InformatikProjekt/Content/StarterContent/Textures/T_CobbleStone_Pebble_M.uasset" 369
"../../../InformatikProjekt/Content/StarterContent/Textures/T_CobbleStone_Pebble_N.uasset" 370
"../../../InformatikProjekt/Content/StarterContent/Materials/M_CobbleStone_Pebble.uasset" 371
"../../../InformatikProjekt/Content/StarterContent/Textures/T_CobbleStone_Rough_D.uasset" 372
"../../../InformatikProjekt/Content/StarterContent/Textures/T_CobbleStone_Rough_N.uasset" 373
"../../../InformatikProjekt/Content/StarterContent/Textures/T_Gradinet_01.uasset" 374
"../../../InformatikProjekt/Content/StarterContent/Textures/T_Rock_Smooth_Granite_D.uasset" 375
"../../../InformatikProjekt/Content/StarterContent/Materials/M_CobbleStone_Rough.uasset" 376
"../../../InformatikProjekt/Content/StarterContent/Textures/T_CobbleStone_Smooth_D.uasset" 377
"../../../InformatikProjekt/Content/StarterContent/Textures/T_CobbleStone_Smooth_M.uasset" 378
"../../../InformatikProjekt/Content/StarterContent/Textures/T_CobbleStone_Smooth_N.uasset" 379
"../../../InformatikProjekt/Content/StarterContent/Materials/M_CobbleStone_Smooth.uasset" 380
"../../../InformatikProjekt/Content/StarterContent/Textures/T_Concrete_Grime_D.uasset" 381
"../../../InformatikProjekt/Content/StarterContent/Textures/T_Metal_Rust_N.uasset" 382
"../../../InformatikProjekt/Content/StarterContent/Materials/M_Concrete_Grime.uasset" 383
"../../../InformatikProjekt/Content/StarterContent/Textures/T_Concrete_Panels_D.uasset" 384
"../../../InformatikProjekt/Content/StarterContent/Textures/T_Concrete_Panels_N.uasset" 385
"../../../InformatikProjekt/Content/StarterContent/Materials/M_Concrete_Panels.uasset" 386
"../../../InformatikProjekt/Content/StarterContent/Textures/T_Concrete_Poured_D.uasset" 387
"../../../InformatikProjekt/Content/StarterContent/Textures/T_Concrete_Poured_N.uasset" 388
"../../../InformatikProjekt/Content/StarterContent/Materials/M_Concrete_Poured.uasset" 389
"../../../InformatikProjekt/Content/StarterContent/Textures/T_Concrete_Tiles_D.uasset" 390
"../../../InformatikProjekt/Content/StarterContent/Textures/T_Concrete_Tiles_M.uasset" 391
"../../../InformatikProjekt/Content/StarterContent/Textures/T_Concrete_Tiles_N.uasset" 392
"../../../InformatikProjekt/Content/StarterContent/Textures/T_Concrete_Tiles_Variation_M.uasset" 393
"../../../InformatikProjekt/Content/StarterContent/Materials/M_Concrete_Tiles.uasset" 394
"../../../InformatikProjekt/Content/StarterContent/Textures/T_Ground_Grass_D.uasset" 395
"../../../InformatikProjekt/Content/StarterContent/Textures/T_Ground_Grass_N.uasset" 396
"../../../InformatikProjekt/Content/StarterContent/Materials/M_Ground_Grass.uasset" 397
"../../../InformatikProjekt/Content/StarterContent/Textures/T_Ground_Gravel_D.uasset" 398
"../../../InformatikProjekt/Content/StarterContent/Textures/T_Ground_Gravel_N.uasset" 399
"../../../InformatikProjekt/Content/StarterContent/Materials/M_Ground_Gravel.uasset" 400
"../../../InformatikProjekt/Content/StarterContent/Textures/T_ground_Moss_D.uasset" 401
"../../../InformatikProjekt/Content/StarterContent/Textures/T_Ground_Moss_N.uasset" 402
"../../../InformatikProjekt/Content/StarterContent/Materials/M_Ground_Moss.uasset" 403
"../../../InformatikProjekt/Content/StarterContent/Materials/M_Metal_Chrome.uasset" 404
"../../../InformatikProjekt/Content/StarterContent/Textures/T_Metal_Gold_D.uasset" 405
"../../../InformatikProjekt/Content/StarterContent/Materials/M_Metal_Gold.uasset" 406
"../../../InformatikProjekt/Content/StarterContent/Textures/T_Metal_Rust_D.uasset" 407
"../../../InformatikProjekt/Content/StarterContent/Materials/M_Metal_Rust.uasset" 408
"../../../InformatikProjekt/Content/StarterContent/Textures/T_Metal_Steel_D.uasset" 409
"../../../InformatikProjekt/Content/StarterContent/Textures/T_Metal_Steel_N.uasset" 410
"../../../InformatikProjekt/Content/StarterContent/Materials/M_Metal_Steel.uasset" 411
"../../../InformatikProjekt/Content/StarterContent/Textures/T_Rock_Basalt_N.uasset" 412
"../../../InformatikProjekt/Content/StarterContent/Materials/M_Rock_Basalt.uasset" 413
"../../../InformatikProjekt/Content/StarterContent/Materials/M_Rock_Marble_Polished.uasset" 414
"../../../InformatikProjekt/Content/StarterContent/Textures/T_Rock_Sandstone_D.uasset" 415
"../../../InformatikProjekt/Content/StarterContent/Textures/T_Rock_Sandstone_N.uasset" 416
"../../../InformatikProjekt/Content/StarterContent/Materials/M_Rock_Sandstone.uasset" 417
"../../../InformatikProjekt/Content/StarterContent/Textures/T_Rock_Slate_D.uasset" 418
"../../../InformatikProjekt/Content/StarterContent/Textures/T_Rock_Slate_N.uasset" 419
"../../../InformatikProjekt/Content/StarterContent/Materials/M_Rock_Slate.uasset" 420
"../../../InformatikProjekt/Content/StarterContent/Textures/T_Checker_Noise_M.uasset" 421
"../../../InformatikProjekt/Content/StarterContent/Textures/T_Single_Tile_N.uasset" 422
"../../../InformatikProjekt/Content/StarterContent/Textures/T_Tech_Dot_M.uasset" 423
"../../../InformatikProjekt/Content/StarterContent/Textures/T_Tech_Dot_N.uasset" 424
"../../../InformatikProjekt/Content/StarterContent/Materials/M_Tech_Checker_Dot.uasset" 425
"../../../InformatikProjekt/Content/StarterContent/Textures/T_Tech_Hex_Tile_M.uasset" 426
"../../../InformatikProjekt/Content/StarterContent/Textures/T_Tech_Hex_Tile_N.uasset" 427
"../../../InformatikProjekt/Content/StarterContent/Materials/M_Tech_Hex_Tile.uasset" 428
"../../../InformatikProjekt/Content/StarterContent/Materials/M_Tech_Hex_Tile_Pulse.uasset" 429
"../../../InformatikProjekt/Content/StarterContent/Textures/T_Tech_Panel_M.uasset" 430
"../../../InformatikProjekt/Content/StarterContent/Textures/T_Tech_Panel_N.uasset" 431
"../../../InformatikProjekt/Content/StarterContent/Materials/M_Tech_Panel.uasset" 432
"../../../InformatikProjekt/Content/StarterContent/Materials/M_Water_Lake.uasset" 433
"../../../InformatikProjekt/Content/StarterContent/Textures/T_Water_M.uasset" 434
"../../../InformatikProjekt/Content/StarterContent/Materials/M_Water_Ocean.uasset" 435
"../../../InformatikProjekt/Content/StarterContent/Textures/T_Wood_Floor_Walnut_D.uasset" 436
"../../../InformatikProjekt/Content/StarterContent/Textures/T_Wood_Floor_Walnut_M.uasset" 437
"../../../InformatikProjekt/Content/StarterContent/Textures/T_Wood_Floor_Walnut_N.uasset" 438
"../../../InformatikProjekt/Content/StarterContent/Materials/M_Wood_Floor_Walnut_Polished.uasset" 439
"../../../Engine/Content/Functions/Engine_MaterialFunctions01/Opacity/AlphaOffset.uasset" 440
"../../../InformatikProjekt/Content/StarterContent/Materials/M_Wood_Floor_Walnut_Worn.uasset" 441
"../../../InformatikProjekt/Content/StarterContent/Textures/T_Wood_Oak_D.uasset" 442
"../../../InformatikProjekt/Content/StarterContent/Textures/T_Wood_Oak_N.uasset" 443
"../../../InformatikProjekt/Content/StarterContent/Materials/M_Wood_Oak.uasset" 444
"../../../InformatikProjekt/Content/StarterContent/Textures/T_Wood_Pine_D.uasset" 445
"../../../InformatikProjekt/Content/StarterContent/Textures/T_Wood_Pine_N.uasset" 446
"../../../InformatikProjekt/Content/StarterContent/Materials/M_Wood_Pine.uasset" 447
"../../../InformatikProjekt/Content/StarterContent/Textures/T_Wood_Walnut_D.uasset" 448
"../../../InformatikProjekt/Content/StarterContent/Textures/T_Wood_Walnut_N.uasset" 449
"../../../InformatikProjekt/Content/StarterContent/Materials/M_Wood_Walnut.uasset" 450
"../../../InformatikProjekt/Content/StarterContent/Architecture/Wall_400x200.uasset" 451
"../../../InformatikProjekt/Content/StarterContent/Architecture/Wall_Door_400x300.uasset" 452
"../../../InformatikProjekt/Content/StarterContent/Architecture/Wall_Window_400x300.uasset" 453
"../../../InformatikProjekt/Content/StarterContent/Audio/Collapse_Cue.uasset" 454
"../../../InformatikProjekt/Content/StarterContent/Audio/Starter_Music_Cue.uasset" 455
"../../../InformatikProjekt/Content/StarterContent/Textures/T_Dust_Particle_D.uasset" 456
"../../../InformatikProjekt/Content/StarterContent/Particles/Materials/M_Dust_Particle.uasset" 457
"../../../InformatikProjekt/Content/StarterContent/Particles/P_Ambient_Dust.uasset" 458
"../../../InformatikProjekt/Content/StarterContent/Props/MaterialSphere.uasset" 459
"../../../InformatikProjekt/Content/StarterContent/Textures/T_Frame_M.uasset" 460
"../../../InformatikProjekt/Content/StarterContent/Textures/T_Frame_N.uasset" 461
"../../../InformatikProjekt/Content/StarterContent/Props/Materials/M_Frame.uasset" 462
"../../../InformatikProjekt/Content/StarterContent/Props/SM_CornerFrame.uasset" 463
"../../../InformatikProjekt/Content/StarterContent/Props/SM_DoorFrame.uasset" 464
"../../../InformatikProjekt/Content/StarterContent/Props/SM_GlassWindow.uasset" 465
"../../../InformatikProjekt/Content/StarterContent/Props/SM_PillarFrame.uasset" 466
"../../../InformatikProjekt/Content/StarterContent/Props/SM_PillarFrame300.uasset" 467
"../../../InformatikProjekt/Content/StarterContent/Props/SM_WindowFrame.uasset" 468
"../../../InformatikProjekt/Content/StarterContent/Shapes/Shape_Cube.uasset" 469
"../../../InformatikProjekt/Content/StarterContent/Shapes/Shape_QuadPyramid.uasset" 470
"../../../InformatikProjekt/Content/StarterContent/Shapes/Shape_Sphere.uasset" 471
"../../../InformatikProjekt/Content/StarterContent/Maps/StarterMap.umap" 472
"../../../InformatikProjekt/Content/Mannequin/Animations/ThirdPerson_Jump.uasset" 473
"../../../InformatikProjekt/Content/Mannequin/Animations/ThirdPersonJump_Loop.uasset" 474
"../../../InformatikProjekt/Content/Mannequin/Animations/ThirdPersonJump_Start.uasset" 475
"../../../InformatikProjekt/Content/Mannequin/Animations/ThirdPersonIdle.uasset" 476
"../../../InformatikProjekt/Content/Mannequin/Animations/ThirdPersonRun.uasset" 477
"../../../InformatikProjekt/Content/Mannequin/Animations/ThirdPersonWalk.uasset" 478
"../../../InformatikProjekt/Content/Mannequin/Animations/ThirdPerson_IdleRun_2D.uasset" 479
"../../../InformatikProjekt/Content/Mannequin/Animations/ThirdPerson_AnimBP.uasset" 480
"../../../InformatikProjekt/Content/ThirdPerson/Blueprints/Config/ConfigDummy.uasset" 481
"../../../InformatikProjekt/Content/ThirdPerson/Materials_Textures/Watersplash.uasset" 482
"../../../InformatikProjekt/Content/ThirdPerson/Materials_Textures/WaterDecal.uasset" 483
"../../../Engine/Content/BasicShapes/Sphere.uasset" 484
"../../../InformatikProjekt/Content/ThirdPerson/Blueprints/Wasserpistole/watershot.uasset" 485
"../../../InformatikProjekt/Content/ThirdPerson/Blueprints/Wasserpistole/weapon.uasset" 486
"../../../InformatikProjekt/Content/ThirdPerson/Meshs/Watergun/wasserpistole_mesh.uasset" 487
"../../../InformatikProjekt/Content/ThirdPerson/Blueprints/Wasserpistole/wasserpistole.uasset" 488
"../../../InformatikProjekt/Content/ThirdPerson/Materials_Textures/Red.uasset" 489
"../../../Engine/Content/Functions/MaterialLayerFunctions/MatLayerBlend_NormalBlend.uasset" 490
"../../../Engine/Content/Functions/MaterialLayerFunctions/MatLayerBlend_Simple.uasset" 491
"../../../InformatikProjekt/Content/Mannequin/Character/Materials/MaterialLayers/T_ML_Rubber_Blue_01_D.uasset" 492
"../../../InformatikProjekt/Content/Mannequin/Character/Materials/MaterialLayers/T_ML_Rubber_Blue_01_N.uasset" 493
"../../../InformatikProjekt/Content/Mannequin/Character/Materials/MaterialLayers/ML_GlossyBlack_Latex_UE4.uasset" 494
"../../../InformatikProjekt/Content/Mannequin/Character/Materials/MaterialLayers/ML_Plastic_Shiny_Beige.uasset" 495
"../../../InformatikProjekt/Content/Mannequin/Character/Textures/UE4_LOGO_CARD.uasset" 496
"../../../InformatikProjekt/Content/Mannequin/Character/Materials/MaterialLayers/ML_Plastic_Shiny_Beige_LOGO.uasset" 497
"../../../InformatikProjekt/Content/Mannequin/Character/Materials/MaterialLayers/T_ML_Aluminum01.uasset" 498
"../../../InformatikProjekt/Content/Mannequin/Character/Materials/MaterialLayers/T_ML_Aluminum01_N.uasset" 499
"../../../InformatikProjekt/Content/Mannequin/Character/Materials/MaterialLayers/ML_SoftMetal_UE4.uasset" 500
"../../../InformatikProjekt/Content/Mannequin/Character/Textures/UE4_Mannequin__normals.uasset" 501
"../../../InformatikProjekt/Content/Mannequin/Character/Textures/UE4_Mannequin_MAT_MASKA.uasset" 502
"../../../InformatikProjekt/Content/Mannequin/Character/Materials/M_UE4Man_Body.uasset" 503
"../../../InformatikProjekt/Content/Mannequin/Character/Textures/UE4Man_Logo_N.uasset" 504
"../../../InformatikProjekt/Content/Mannequin/Character/Materials/M_UE4Man_ChestLogo.uasset" 505
"../../../InformatikProjekt/Content/Mannequin/Character/Mesh/SK_Mannequin_PhysicsAsset.uasset" 506
"../../../InformatikProjekt/Content/Mannequin/Character/Mesh/SK_Mannequin.uasset" 507
"../../../InformatikProjekt/Content/ThirdPerson/Blueprints/Enemy/Enemy.uasset" 508
"../../../InformatikProjekt/Content/ThirdPerson/Blueprints/HUD/HUD-Interface.uasset" 509
"../../../InformatikProjekt/Content/ThirdPerson/Blueprints/Pickups/Pickup.uasset" 510
"../../../InformatikProjekt/Content/ThirdPerson/Blueprints/Wasserpistole/TargetPointBooleanPair.uasset" 511
"../../../InformatikProjekt/Content/ThirdPerson/Blueprints/HUD/HUD.uasset" 512
"../../../InformatikProjekt/Content/ThirdPerson/Blueprints/ThirdPerson/ThirdPersonCharacter.uasset" 513
"../../../InformatikProjekt/Content/ThirdPerson/Materials_Textures/Gray_0.uasset" 514
"../../../InformatikProjekt/Content/ThirdPerson/Materials_Textures/icon_big_hitbox.uasset" 515
"../../../InformatikProjekt/Content/ThirdPerson/Meshs/Pickups/model_big_hitbox.uasset" 516
"../../../InformatikProjekt/Content/ThirdPerson/Blueprints/Pickups/BigHitbox.uasset" 517
"../../../InformatikProjekt/Content/ThirdPerson/Materials_Textures/icon_emp.uasset" 518
"../../../InformatikProjekt/Content/ThirdPerson/Meshs/Pickups/model_emp.uasset" 519
"../../../InformatikProjekt/Content/ThirdPerson/Blueprints/Pickups/EMP.uasset" 520
"../../../InformatikProjekt/Content/ThirdPerson/Materials_Textures/icon_infinity_ammo.uasset" 521
"../../../InformatikProjekt/Content/ThirdPerson/Meshs/Pickups/model_infinity_ammo.uasset" 522
"../../../InformatikProjekt/Content/ThirdPerson/Blueprints/Pickups/InfinityAmmo.uasset" 523
"../../../InformatikProjekt/Content/ThirdPerson/Blueprints/HUD/IntegerTexturePair.uasset" 524
"../../../InformatikProjekt/Content/ThirdPerson/Materials_Textures/frame.uasset" 525
"../../../InformatikProjekt/Content/ThirdPerson/Blueprints/HUD/PlayerHUD.uasset" 526
"../../../InformatikProjekt/Content/ThirdPerson/Meshs/Pickups/model_ammo_pack.uasset" 527
"../../../InformatikProjekt/Content/ThirdPerson/Blueprints/Pickups/AmmoPack.uasset" 528
"../../../InformatikProjekt/Content/ThirdPerson/Meshs/Pickups/model_health.uasset" 529
"../../../InformatikProjekt/Content/ThirdPerson/Blueprints/Pickups/Medikit.uasset" 530
"../../../InformatikProjekt/Content/ThirdPerson/Blueprints/ThirdPerson/ThirdPersonGameMode.uasset" 531
"../../../InformatikProjekt/Content/ThirdPerson/Maps/MainMap_BuiltData.uasset" 532
"../../../InformatikProjekt/Content/ThirdPerson/Maps/SceneMap.uasset" 533
"../../../InformatikProjekt/Content/ThirdPerson/Maps/MainMap.umap" 534
"../../../Engine/Content/Maps/Entry.umap" 535
